Environment variables:
  - =E:=E:\Code\Labs\ut-sample
  - ALLUSERSPROFILE=C:\ProgramData
  - ANDROID_HOME=C:\Users\circu\AppData\Local\Android\android-sdk\
  - APPDATA=C:\Users\circu\AppData\Roaming
  - COMPUTERNAME=LATITUDE
  - ChocolateyInstall=C:\ProgramData\chocolatey
  - ComSpec=C:\WINDOWS\system32\cmd.exe
  - CommonProgramFiles=C:\Program Files\Common Files
  - CommonProgramFiles(x86)=C:\Program Files (x86)\Common Files
  - CommonProgramW6432=C:\Program Files\Common Files
  - DEFAULT_VPN_PROFILE=FREE.US
  - DEFAULT_VPN_USERNAME=uanguei
  - DNX_HOME=%USERPROFILE%\.dnx
  - DOCKER_TOOLBOX_INSTALL_PATH=C:\Program Files\Docker Toolbox
  - ERLANG_HOME=C:\Program Files\erl7.3
  - GTK_BASEPATH=C:\Program Files (x86)\GtkSharp\2.12\
  - HOMEDRIVE=C:
  - HOMEPATH=\Users\circu
  - INIT_CWD=E:\Code\Labs\ut-sample
  - IONIC_EMAIL=nkgailei@gmail.com
  - IONIC_PASSWORD=alive?42:ionic
  - JAVA_HOME=C:\Program Files\Java\jdk1.8.0_51
  - JIAKER_API_ENV=uat
  - LOCALAPPDATA=C:\Users\circu\AppData\Local
  - LOGONSERVER=\\MicrosoftAccount
  - NUMBER_OF_PROCESSORS=4
  - NVM_HOME=C:\Users\circu\AppData\Roaming\nvm
  - NVM_SYMLINK=C:\Program Files\nodejs
  - OS=Windows_NT
  - PATHEXT=.COM;.EXE;.BAT;.CMD;.VBS;.VBE;.JS;.JSE;.WSF;.WSH;.MSC;.RB;.RBW
  - PHANTOMJS_BIN=E:\App\phantomjs-2.1.1-windows\bin\phantomjs.exe
  - PROCESSOR_ARCHITECTURE=AMD64
  - PROCESSOR_IDENTIFIER=Intel64 Family 6 Model 69 Stepping 1, GenuineIntel
  - PROCESSOR_LEVEL=6
  - PROCESSOR_REVISION=4501
  - PROMPT=$P$G
  - PSModulePath=C:\WINDOWS\system32\WindowsPowerShell\v1.0\Modules\;C:\Program Files\WindowsPowerShell\Modules\;C:\Program Files (x86)\Microsoft SDKs\Azure\PowerShell\ResourceManager\AzureResourceManager\;C:\Program Files (x86)\Microsoft SDKs\Azure\PowerShell\ServiceManagement\
  - PUBLIC=C:\Users\Public
  - Path=C:\Program Files\Docker\Docker\Resources\bin;C:\Python27\;C:\Python27\Scripts;C:\ProgramData\Oracle\Java\javapath;C:\Windows\system32;C:\Windows;C:\Windows\System32\Wbem;C:\Windows\System32\WindowsPowerShell\v1.0\;C:\Users\circu\.dnx\bin;C:\Program Files\Microsoft DNX\Dnvm\;C:\Program Files\Microsoft SQL Server\110\Tools\Binn\;C:\Program Files (x86)\Microsoft SDKs\TypeScript\1.0\;C:\Program Files\Microsoft SQL Server\120\Tools\Binn\;C:\Program Files\Microsoft\Web Platform Installer\;C:\Program Files (x86)\MySQL\MySQL Fabric 1.5.4 & MySQL Utilities 1.5.4 1.5\;C:\Program Files (x86)\MySQL\MySQL Fabric 1.5.4 & MySQL Utilities 1.5.4 1.5\Doctrine extensions for PHP\;C:\ProgramData\chocolatey\bin;C:\Program Files (x86)\Windows Phone TShell\;C:\Program Files (x86)\QuickTime\QTSystem\;C:\WINDOWS\system32;C:\WINDOWS;C:\WINDOWS\System32\Wbem;C:\WINDOWS\System32\WindowsPowerShell\v1.0\;C:\Users\circu\AppData\Roaming\nvm;C:\Program Files\nodejs;C:\Program Files\nodejs\;C:\Program Files (x86)\Windows Kits\10\Windows Performance Toolkit\;C:\Program Files (x86)\Microsoft Emulator Manager\1.0\;C:\Program Files (x86)\GtkSharp\2.12\bin;C:\Users\circu\AppData\Local\Programs\Git\cmd;C:\Program Files (x86)\Skype\Phone\;C:\Users\circu\.dnx\bin;C:\Ruby22-x64\bin;C:\Program Files\Java\jdk1.8.0_51\bin;E:\App\apache-ant-1.9.6-bin\apache-ant-1.9.6\bin;C:\Users\circu\AppData\Local\Android\android-sdk\\tools;C:\Users\circu\AppData\Local\Android\android-sdk\\platform-tools;C:\Users\circu\AppData\Local\Android\android-sdk\\build-tools\23.0.0;E:\App\;C:\Program Files (x86)\Microsoft VS Code\bin;C:\Users\circu\AppData\Local\atom\bin;E:\App\uncrustify;C:\Program Files\MongoDB\Server\3.0\bin;C:\Users\circu\AppData\Local\Programs\Git\cmd;C:\cygwin64\bin;E:\Code\GitHub\pcinit\.path\local;E:\Code\GitHub\pcinit\.path;C:\Users\circu\AppData\Local\.meteor\;C:\Users\circu\AppData\Roaming\nvm;C:\Program Files\nodejs;C:\Users\circu\AppData\Roaming\npm;C:\Program Files\Docker Toolbox;E:\App\phantomjs-2.1.1-windows\bin
  - ProgramData=C:\ProgramData
  - ProgramFiles=C:\Program Files
  - ProgramFiles(x86)=C:\Program Files (x86)
  - ProgramW6432=C:\Program Files
  - SESSIONNAME=Console
  - SystemDrive=C:
  - SystemRoot=C:\WINDOWS
  - TEMP=C:\Users\circu\AppData\Local\Temp
  - TMP=C:\Users\circu\AppData\Local\Temp
  - USERDOMAIN=LATITUDE
  - USERDOMAIN_ROAMINGPROFILE=LATITUDE
  - USERNAME=circu
  - USERPROFILE=C:\Users\circu
  - VBOX_MSI_INSTALL_PATH=C:\Program Files\Oracle\VirtualBox\
  - VS110COMNTOOLS=C:\Program Files (x86)\Microsoft Visual Studio 11.0\Common7\Tools\
  - VS120COMNTOOLS=C:\Program Files (x86)\Microsoft Visual Studio 12.0\Common7\Tools\
  - VS140COMNTOOLS=C:\Program Files (x86)\Microsoft Visual Studio 14.0\Common7\Tools\
  - VSSDK140Install=C:\Program Files (x86)\Microsoft Visual Studio 14.0\VSSDK\
  - _NT_SYMBOL_PATH=symsrv*symsrv.dll*f:\localsymbols*http://msdl.microsoft.com/download/symbols
  - asl.log=Destination=file
  - windir=C:\WINDOWS
System properties:
  - ROOT_LOGGER_LEVEL=DEBUG
  - awt.toolkit=sun.awt.windows.WToolkit
  - file.encoding=GBK
  - file.encoding.pkg=sun.io
  - file.separator=\
  - java.awt.graphicsenv=sun.awt.Win32GraphicsEnvironment
  - java.awt.printerjob=sun.awt.windows.WPrinterJob
  - java.class.path=E:\Code\Labs\ut-sample\node_modules\gulp-sonar\sonar-runner-2.4\lib\sonar-runner-dist-2.4.jar
  - java.class.version=52.0
  - java.endorsed.dirs=C:\Program Files\Java\jre1.8.0_91\lib\endorsed
  - java.ext.dirs=C:\Program Files\Java\jre1.8.0_91\lib\ext;C:\WINDOWS\Sun\Java\lib\ext
  - java.home=C:\Program Files\Java\jre1.8.0_91
  - java.io.tmpdir=C:\Users\circu\AppData\Local\Temp\
  - java.library.path=C:\ProgramData\Oracle\Java\javapath;C:\WINDOWS\Sun\Java\bin;C:\WINDOWS\system32;C:\WINDOWS;C:\Program Files\Docker\Docker\Resources\bin;C:\Python27\;C:\Python27\Scripts;C:\ProgramData\Oracle\Java\javapath;C:\Windows\system32;C:\Windows;C:\Windows\System32\Wbem;C:\Windows\System32\WindowsPowerShell\v1.0\;C:\Users\circu\.dnx\bin;C:\Program Files\Microsoft DNX\Dnvm\;C:\Program Files\Microsoft SQL Server\110\Tools\Binn\;C:\Program Files (x86)\Microsoft SDKs\TypeScript\1.0\;C:\Program Files\Microsoft SQL Server\120\Tools\Binn\;C:\Program Files\Microsoft\Web Platform Installer\;C:\Program Files (x86)\MySQL\MySQL Fabric 1.5.4 & MySQL Utilities 1.5.4 1.5\;C:\Program Files (x86)\MySQL\MySQL Fabric 1.5.4 & MySQL Utilities 1.5.4 1.5\Doctrine extensions for PHP\;C:\ProgramData\chocolatey\bin;C:\Program Files (x86)\Windows Phone TShell\;C:\Program Files (x86)\QuickTime\QTSystem\;C:\WINDOWS\system32;C:\WINDOWS;C:\WINDOWS\System32\Wbem;C:\WINDOWS\System32\WindowsPowerShell\v1.0\;C:\Users\circu\AppData\Roaming\nvm;C:\Program Files\nodejs;C:\Program Files\nodejs\;C:\Program Files (x86)\Windows Kits\10\Windows Performance Toolkit\;C:\Program Files (x86)\Microsoft Emulator Manager\1.0\;C:\Program Files (x86)\GtkSharp\2.12\bin;C:\Users\circu\AppData\Local\Programs\Git\cmd;C:\Program Files (x86)\Skype\Phone\;C:\Users\circu\.dnx\bin;C:\Ruby22-x64\bin;C:\Program Files\Java\jdk1.8.0_51\bin;E:\App\apache-ant-1.9.6-bin\apache-ant-1.9.6\bin;C:\Users\circu\AppData\Local\Android\android-sdk\\tools;C:\Users\circu\AppData\Local\Android\android-sdk\\platform-tools;C:\Users\circu\AppData\Local\Android\android-sdk\\build-tools\23.0.0;E:\App\;C:\Program Files (x86)\Microsoft VS Code\bin;C:\Users\circu\AppData\Local\atom\bin;E:\App\uncrustify;C:\Program Files\MongoDB\Server\3.0\bin;C:\Users\circu\AppData\Local\Programs\Git\cmd;C:\cygwin64\bin;E:\Code\GitHub\pcinit\.path\local;E:\Code\GitHub\pcinit\.path;C:\Users\circu\AppData\Local\.meteor\;C:\Users\circu\AppData\Roaming\nvm;C:\Program Files\nodejs;C:\Users\circu\AppData\Roaming\npm;C:\Program Files\Docker Toolbox;E:\App\phantomjs-2.1.1-windows\bin;.
  - java.runtime.name=Java(TM) SE Runtime Environment
  - java.runtime.version=1.8.0_91-b14
  - java.specification.name=Java Platform API Specification
  - java.specification.vendor=Oracle Corporation
  - java.specification.version=1.8
  - java.vendor=Oracle Corporation
  - java.vendor.url=http://java.oracle.com/
  - java.vendor.url.bug=http://bugreport.sun.com/bugreport/
  - java.version=1.8.0_91
  - java.vm.info=mixed mode
  - java.vm.name=Java HotSpot(TM) 64-Bit Server VM
  - java.vm.specification.name=Java Virtual Machine Specification
  - java.vm.specification.vendor=Oracle Corporation
  - java.vm.specification.version=1.8
  - java.vm.vendor=Oracle Corporation
  - java.vm.version=25.91-b14
  - line.separator=

  - os.arch=amd64
  - os.name=Windows 10
  - os.version=10.0
  - path.separator=;
  - sun.arch.data.model=64
  - sun.boot.class.path=C:\Program Files\Java\jre1.8.0_91\lib\resources.jar;C:\Program Files\Java\jre1.8.0_91\lib\rt.jar;C:\Program Files\Java\jre1.8.0_91\lib\sunrsasign.jar;C:\Program Files\Java\jre1.8.0_91\lib\jsse.jar;C:\Program Files\Java\jre1.8.0_91\lib\jce.jar;C:\Program Files\Java\jre1.8.0_91\lib\charsets.jar;C:\Program Files\Java\jre1.8.0_91\lib\jfr.jar;C:\Program Files\Java\jre1.8.0_91\classes
  - sun.boot.library.path=C:\Program Files\Java\jre1.8.0_91\bin
  - sun.cpu.endian=little
  - sun.cpu.isalist=amd64
  - sun.desktop=windows
  - sun.io.unicode.encoding=UnicodeLittle
  - sun.java.command=E:\Code\Labs\ut-sample\node_modules\gulp-sonar\sonar-runner-2.4\lib\sonar-runner-dist-2.4.jar -X -Drunner.home=E:\Code\Labs\ut-sample\node_modules\gulp-sonar\sonar-runner-2.4
  - sun.java.launcher=SUN_STANDARD
  - sun.jnu.encoding=GBK
  - sun.management.compiler=HotSpot 64-Bit Tiered Compilers
  - sun.os.patch.level=
  - user.country=US
  - user.dir=E:\Code\Labs\ut-sample
  - user.home=C:\Users\circu
  - user.language=en
  - user.name=circu
  - user.script=
  - user.timezone=Asia/Shanghai
  - user.variant=
SonarQube plugins:
  - C# 5.0 (csharp)
  - Java 3.13.1 (java)
  - SVN 1.3 (scmsvn)
  - Git 1.2 (scmgit)
  - JavaScript 2.11 (javascript)
Global properties:
  - sonar.core.id=20160729130220
  - sonar.core.startTime=2016-07-29T13:02:20+0800
  - sonar.core.version=5.5
  - sonar.permission.template.default=default_template
  - sonar.qualitygate=1
Settings for module: javascript-sample
  - sonar.host.url=http://localhost:9000
  - sonar.javascript.lcov.reportPath=test/sonar_report/lcov.info
  - sonar.jdbc.password=******
  - sonar.jdbc.url=jdbc:mysql://localhost:3306/sonarqube
  - sonar.jdbc.username=sonar
  - sonar.language=js
  - sonar.projectBaseDir=E:\Code\Labs\ut-sample\.
  - sonar.projectKey=javascript-sample
  - sonar.projectName=JavaScript Sample Project
  - sonar.projectVersion=1.0.0
  - sonar.sourceEncoding=UTF-8
  - sonar.sources=src/
  - sonar.verbose=true
  - sonar.working.directory=E:\Code\Labs\ut-sample\.\.sonar
